<component name="libraryTable">
  <library name="junit-4.13-beta-2">
    <CLASSES>
      <root url="jar://D:/JAVA/01_De instalat/13_Junit4/junit-4.13-beta-2.jar!/" />
    </CLASSES>
    <JAVADOC />
    <SOURCES />
  </library>
</component>